<?xml version="1.0" encoding="UTF-8"?>
<!-- Generated by org.testng.reporters.JUnitReportReporter -->
<testsuite hostname="LAPTOP-SSKFI1SS" failures="0" tests="3" name="com.AutomationTalks.demoProject1.TestClass1" time="23.729" errors="0" timestamp="14 Jun 2020 00:22:05 GMT" skipped="0">
  <testcase classname="com.AutomationTalks.demoProject1.TestClass1" name="Test1" time="9.920"/>
  <testcase classname="com.AutomationTalks.demoProject1.TestClass1" name="Test2" time="6.801"/>
  <testcase classname="com.AutomationTalks.demoProject1.TestClass1" name="Test3" time="7.008"/>
</testsuite> <!-- com.AutomationTalks.demoProject1.TestClass1 -->
