<?xml version="1.0" encoding="UTF-8"?>
<!-- Generated by org.testng.reporters.JUnitReportReporter -->
<testsuite hostname="LAPTOP-SSKFI1SS" failures="0" tests="3" name="com.AutomationTalks.demoProject1.TestClass1" time="22.731" errors="0" timestamp="14 Jun 2020 00:25:03 GMT" skipped="0">
  <testcase classname="com.AutomationTalks.demoProject1.TestClass1" name="Test1" time="8.336"/>
  <testcase classname="com.AutomationTalks.demoProject1.TestClass1" name="Test3" time="7.650"/>
  <testcase classname="com.AutomationTalks.demoProject1.TestClass1" name="Test2" time="6.745"/>
</testsuite> <!-- com.AutomationTalks.demoProject1.TestClass1 -->
